<?xml version='1.0' encoding='UTF-8'?>
<testsuite hostname="DESKTOP-TCH8RIP" name="MapReduceTest" tests="7" errors="0" failures="0" skipped="0" time="0.361" timestamp="2021-10-19T21:34:11">
          <properties>
[...]
</properties>
          <testcase classname="MapReduceTest" name="should Check start and end time" time="0.024">
                      
                    </testcase><testcase classname="MapReduceTest" name="should checking the mapper class" time="0.309">
                      
                    </testcase><testcase classname="MapReduceTest" name="should checking the reducer class" time="0.012">
                      
                    </testcase><testcase classname="MapReduceTest" name="should checking combiner class" time="0.011">
                      
                    </testcase><testcase classname="MapReduceTest" name="should check regex pattern" time="0.004">
                      
                    </testcase><testcase classname="MapReduceTest" name="should check max value" time="0.001">
                      
                    </testcase><testcase classname="MapReduceTest" name="should check sum value" time="0.0">
                      
                    </testcase>
          <system-out><![CDATA[]]></system-out>
          <system-err><![CDATA[]]></system-err>
        </testsuite>